#! /usr/bin/vvp
:ivl_version "0.9.5 " "(v0_9_5)";
:vpi_time_precision + 0;
:vpi_module "system";
:vpi_module "v2005_math";
:vpi_module "va_math";
S_0x2591f70 .scope module, "muxv2" "muxv2" 2 3;
 .timescale 0 0;
v0x2592060_0 .net "in1", 0 0, C4<z>; 0 drivers
v0x25a0ac0_0 .net "in2", 0 0, C4<z>; 0 drivers
v0x25a0b60_0 .var "out", 0 0;
v0x25a0c00_0 .net "select", 0 0, C4<z>; 0 drivers
E_0x25924c0 .event edge, v0x25a0c00_0, v0x25a0ac0_0, v0x2592060_0;
    .scope S_0x2591f70;
T_0 ;
    %wait E_0x25924c0;
    %load/v 8, v0x25a0c00_0, 1;
    %mov 9, 0, 1;
    %cmpi/u 8, 0, 2;
    %jmp/0xz  T_0.0, 4;
    %load/v 8, v0x2592060_0, 1;
    %set/v v0x25a0b60_0, 8, 1;
    %jmp T_0.1;
T_0.0 ;
    %load/v 8, v0x25a0c00_0, 1;
    %mov 9, 0, 2;
    %cmpi/u 8, 1, 3;
    %jmp/0xz  T_0.2, 4;
    %load/v 8, v0x25a0ac0_0, 1;
    %set/v v0x25a0b60_0, 8, 1;
T_0.2 ;
T_0.1 ;
    %jmp T_0;
    .thread T_0, $push;
# The file index is used to find the file name in the following table.
:file_names 3;
    "N/A";
    "<interactive>";
    "muxv2.v";
