

Veriwell version 2.8.7, 
Copyright (C) 1993-2008 Elliot Mednick and Mark Hummel

Veriwell comes with ABSOLUTELY NO WARRANTY; This is free
software, and you are welcome to redistribute it under the
terms of the GNU General Public License as published by
the Free Software Foundation; either version 2 of the License,
or (at your option) any later version. 

lxt  support compiled in
lxt2 support compiled in

Entering Phase I...
Compiling source file : /home/veriwell-2.8.7/lxt/test.v

Entering Phase II...
Entering Phase III...
No errors in compilation
Top-level modules:
   test

Exiting Veriwell at time 2410066408
0 Errors, 0 Warnings, Compile time = 0.0, Load time = 0.0, Simulation time = 25.2

Normal exit
Thank you for using Veriwell
