This file contains any messages produced by compilers while
running configure, to aid debugging if configure makes a mistake.

It was created by veriwell configure 2.8.7, which was
generated by GNU Autoconf 2.61.  Invocation command line was

  $ ./configure 

## --------- ##
## Platform. ##
## --------- ##

hostname = user-PC
uname -m = i686
uname -r = 1.7.21(0.267/5/3)
uname -s = CYGWIN_NT-6.1-WOW64
uname -v = 2013-07-15 12:17

/usr/bin/uname -p = unknown
/bin/uname -X     = unknown

/bin/arch              = i686
/usr/bin/arch -k       = unknown
/usr/convex/getsysinfo = unknown
/usr/bin/hostinfo      = unknown
/bin/machine           = unknown
/usr/bin/oslevel       = unknown
/bin/universe          = unknown

PATH: /usr/local/bin
PATH: /usr/bin
PATH: /cygdrive/c/Program Files/Broadcom/Broadcom 802.11/Driver
PATH: /cygdrive/c/Program Files (x86)/HP SimplePass/x64
PATH: /cygdrive/c/Program Files (x86)/HP SimplePass
PATH: /cygdrive/c/Program Files (x86)/AMD APP/bin/x86_64
PATH: /cygdrive/c/Program Files (x86)/AMD APP/bin/x86
PATH: /cygdrive/c/Windows/system32
PATH: /cygdrive/c/Windows
PATH: /cygdrive/c/Windows/System32/Wbem
PATH: /cygdrive/c/Windows/System32/WindowsPowerShell/v1.0
PATH: /cygdrive/c/Program Files (x86)/ATI Technologies/ATI.ACE/Core-Static
PATH: /cygdrive/c/Program Files/WIDCOMM/Bluetooth Software
PATH: /cygdrive/c/Program Files/WIDCOMM/Bluetooth Software/syswow64
PATH: /cygdrive/c/Program Files/Broadcom/WHL
PATH: /cygdrive/c/Program Files/Broadcom/WHL/syswow64
PATH: /cygdrive/c/Program Files/Broadcom/WHL/SysWow64
PATH: /cygdrive/c/Program Files/Broadcom/WHL/SysWow64/syswow64
PATH: /cygdrive/c/Program Files (x86)/QuickTime/QTSystem
PATH: /cygdrive/c/Modeltech_6.3f/win32
PATH: /cygdrive/c/altera/13.0sp1/modelsim_ase/win32aloem
PATH: /usr/lib/lapack


## ----------- ##
## Core tests. ##
## ----------- ##

configure:1997: checking for a BSD-compatible install
configure:2053: result: /usr/bin/install -c
configure:2064: checking whether build environment is sane
configure:2107: result: yes
configure:2135: checking for a thread-safe mkdir -p
configure:2174: result: /usr/bin/mkdir -p
configure:2187: checking for gawk
configure:2203: found /usr/bin/gawk
configure:2214: result: gawk
configure:2225: checking whether make sets $(MAKE)
configure:2246: result: yes
configure:2436: checking use 32 bit compile
configure:2445: result: no
configure:2448: checking enable lxt support
configure:2457: result: yes
configure:2460: checking enable lxt2 support
configure:2469: result: yes
configure:2542: checking for g++
configure:2558: found /usr/bin/g++
configure:2569: result: g++
configure:2600: checking for C++ compiler version
configure:2607: g++ --version >&5
g++ (GCC) 4.7.3
Copyright (C) 2012 Free Software Foundation, Inc.
This is free software; see the source for copying conditions.  There is NO
warranty; not even for MERCHANTABILITY or FITNESS FOR A PARTICULAR PURPOSE.

configure:2610: $? = 0
configure:2617: g++ -v >&5
Using built-in specs.
COLLECT_GCC=g++
COLLECT_LTO_WRAPPER=/usr/lib/gcc/i686-pc-cygwin/4.7.3/lto-wrapper.exe
Target: i686-pc-cygwin
Configured with: /cygdrive/i/szsz/git/cygwin-ports-gcc/gcc-4.7.3-1/src/gcc-4.7.3/configure --srcdir=/cygdrive/i/szsz/git/cygwin-ports-gcc/gcc-4.7.3-1/src/gcc-4.7.3 --prefix=/usr --exec-prefix=/usr --bindir=/usr/bin --sbindir=/usr/sbin --libexecdir=/usr/lib --datadir=/usr/share --localstatedir=/var --sysconfdir=/etc --datarootdir=/usr/share --docdir=/usr/share/doc/gcc -C --build=i686-pc-cygwin --host=i686-pc-cygwin --target=i686-pc-cygwin --without-libiconv-prefix --without-libintl-prefix --enable-shared --enable-shared-libgcc --enable-static --enable-version-specific-runtime-libs --enable-bootstrap --disable-__cxa_atexit --with-dwarf2 --with-arch=i686 --with-tune=generic --disable-sjlj-exceptions --enable-languages=ada,c,c++,fortran,java,lto,objc,obj-c++ --enable-graphite --enable-threads=posix --enable-libgomp --disable-libitm --enable-libquadmath --enable-libquadmath-support --enable-libssp --enable-libada --enable-libjava --enable-libgcj-sublibs --disable-java-awt --disable-symvers --with-ecj-jar=/usr/share/java/ecj.jar --with-gnu-ld --with-gnu-as --with-cloog-include=/usr/include/cloog-ppl --with-system-zlib : (reconfigured) /cygdrive/i/szsz/git/cygwin-ports-gcc/gcc-4.7.3-1/src/gcc-4.7.3/configure --srcdir=/cygdrive/i/szsz/git/cygwin-ports-gcc/gcc-4.7.3-1/src/gcc-4.7.3 --prefix=/usr --exec-prefix=/usr --bindir=/usr/bin --sbindir=/usr/sbin --libexecdir=/usr/lib --datadir=/usr/share --localstatedir=/var --sysconfdir=/etc --datarootdir=/usr/share --docdir=/usr/share/doc/gcc -C --build=i686-pc-cygwin --host=i686-pc-cygwin --target=i686-pc-cygwin --without-libiconv-prefix --without-libintl-prefix --enable-shared --enable-shared-libgcc --enable-static --enable-version-specific-runtime-libs --enable-bootstrap --disable-__cxa_atexit --with-dwarf2 --with-arch=i686 --with-tune=generic --disable-sjlj-exceptions --enable-languages=ada,c,c++,fortran,java,lto,objc,obj-c++ --enable-graphite --enable-threads=posix --enable-libgomp --disable-libitm --enable-libquadmath --enable-libquadmath-support --enable-libssp --enable-libada --enable-libjava --enable-libgcj-sublibs --disable-java-awt --disable-symvers --with-ecj-jar=/usr/share/java/ecj.jar --with-gnu-ld --with-gnu-as --with-cloog-include=/usr/include/cloog-ppl --with-system-zlib
Thread model: posix
gcc version 4.7.3 (GCC) 
configure:2620: $? = 0
configure:2627: g++ -V >&5
g++: error: unrecognized command line option '-V'
g++: fatal error: no input files
compilation terminated.
configure:2630: $? = 1
configure:2653: checking for C++ compiler default output file name
configure:2680: g++    conftest.cpp  >&5
configure:2683: $? = 0
configure:2721: result: a.exe
configure:2738: checking whether the C++ compiler works
configure:2748: ./a.exe
configure:2751: $? = 0
configure:2768: result: yes
configure:2775: checking whether we are cross compiling
configure:2777: result: no
configure:2780: checking for suffix of executables
configure:2787: g++ -o conftest.exe    conftest.cpp  >&5
configure:2790: $? = 0
configure:2814: result: .exe
configure:2820: checking for suffix of object files
configure:2846: g++ -c   conftest.cpp >&5
configure:2849: $? = 0
configure:2872: result: o
configure:2876: checking whether we are using the GNU C++ compiler
configure:2905: g++ -c   conftest.cpp >&5
configure:2911: $? = 0
configure:2928: result: yes
configure:2933: checking whether g++ accepts -g
configure:2963: g++ -c -g  conftest.cpp >&5
configure:2969: $? = 0
configure:3068: result: yes
configure:3102: checking for style of include used by make
configure:3130: result: GNU
configure:3155: checking dependency style of g++
configure:3246: result: gcc3
configure:3309: checking for gcc
configure:3325: found /usr/bin/gcc
configure:3336: result: gcc
configure:3574: checking for C compiler version
configure:3581: gcc --version >&5
gcc (GCC) 4.7.3
Copyright (C) 2012 Free Software Foundation, Inc.
This is free software; see the source for copying conditions.  There is NO
warranty; not even for MERCHANTABILITY or FITNESS FOR A PARTICULAR PURPOSE.

configure:3584: $? = 0
configure:3591: gcc -v >&5
Using built-in specs.
COLLECT_GCC=gcc
COLLECT_LTO_WRAPPER=/usr/lib/gcc/i686-pc-cygwin/4.7.3/lto-wrapper.exe
Target: i686-pc-cygwin
Configured with: /cygdrive/i/szsz/git/cygwin-ports-gcc/gcc-4.7.3-1/src/gcc-4.7.3/configure --srcdir=/cygdrive/i/szsz/git/cygwin-ports-gcc/gcc-4.7.3-1/src/gcc-4.7.3 --prefix=/usr --exec-prefix=/usr --bindir=/usr/bin --sbindir=/usr/sbin --libexecdir=/usr/lib --datadir=/usr/share --localstatedir=/var --sysconfdir=/etc --datarootdir=/usr/share --docdir=/usr/share/doc/gcc -C --build=i686-pc-cygwin --host=i686-pc-cygwin --target=i686-pc-cygwin --without-libiconv-prefix --without-libintl-prefix --enable-shared --enable-shared-libgcc --enable-static --enable-version-specific-runtime-libs --enable-bootstrap --disable-__cxa_atexit --with-dwarf2 --with-arch=i686 --with-tune=generic --disable-sjlj-exceptions --enable-languages=ada,c,c++,fortran,java,lto,objc,obj-c++ --enable-graphite --enable-threads=posix --enable-libgomp --disable-libitm --enable-libquadmath --enable-libquadmath-support --enable-libssp --enable-libada --enable-libjava --enable-libgcj-sublibs --disable-java-awt --disable-symvers --with-ecj-jar=/usr/share/java/ecj.jar --with-gnu-ld --with-gnu-as --with-cloog-include=/usr/include/cloog-ppl --with-system-zlib : (reconfigured) /cygdrive/i/szsz/git/cygwin-ports-gcc/gcc-4.7.3-1/src/gcc-4.7.3/configure --srcdir=/cygdrive/i/szsz/git/cygwin-ports-gcc/gcc-4.7.3-1/src/gcc-4.7.3 --prefix=/usr --exec-prefix=/usr --bindir=/usr/bin --sbindir=/usr/sbin --libexecdir=/usr/lib --datadir=/usr/share --localstatedir=/var --sysconfdir=/etc --datarootdir=/usr/share --docdir=/usr/share/doc/gcc -C --build=i686-pc-cygwin --host=i686-pc-cygwin --target=i686-pc-cygwin --without-libiconv-prefix --without-libintl-prefix --enable-shared --enable-shared-libgcc --enable-static --enable-version-specific-runtime-libs --enable-bootstrap --disable-__cxa_atexit --with-dwarf2 --with-arch=i686 --with-tune=generic --disable-sjlj-exceptions --enable-languages=ada,c,c++,fortran,java,lto,objc,obj-c++ --enable-graphite --enable-threads=posix --enable-libgomp --disable-libitm --enable-libquadmath --enable-libquadmath-support --enable-libssp --enable-libada --enable-libjava --enable-libgcj-sublibs --disable-java-awt --disable-symvers --with-ecj-jar=/usr/share/java/ecj.jar --with-gnu-ld --with-gnu-as --with-cloog-include=/usr/include/cloog-ppl --with-system-zlib
Thread model: posix
gcc version 4.7.3 (GCC) 
configure:3594: $? = 0
configure:3601: gcc -V >&5
gcc: error: unrecognized command line option '-V'
gcc: fatal error: no input files
compilation terminated.
configure:3604: $? = 1
configure:3607: checking whether we are using the GNU C compiler
configure:3636: gcc -c   conftest.c >&5
configure:3642: $? = 0
configure:3659: result: yes
configure:3664: checking whether gcc accepts -g
configure:3694: gcc -c -g  conftest.c >&5
configure:3700: $? = 0
configure:3799: result: yes
configure:3816: checking for gcc option to accept ISO C89
configure:3890: gcc  -c -g -O2  conftest.c >&5
configure:3896: $? = 0
configure:3919: result: none needed
configure:3939: checking dependency style of gcc
configure:4030: result: gcc3
configure:4058: checking for a BSD-compatible install
configure:4114: result: /usr/bin/install -c
configure:4168: checking for ranlib
configure:4184: found /usr/bin/ranlib
configure:4195: result: ranlib
configure:4223: checking for help2man
configure:4256: result: no
configure:4363: checking build system type
configure:4381: result: i686-pc-cygwin
configure:4403: checking host system type
configure:4418: result: i686-pc-cygwin
configure:4440: checking for a sed that does not truncate output
configure:4496: result: /usr/bin/sed
configure:4499: checking for grep that handles long lines and -e
configure:4573: result: /usr/bin/grep
configure:4578: checking for egrep
configure:4656: result: /usr/bin/grep -E
configure:4672: checking for ld used by gcc
configure:4739: result: /usr/i686-pc-cygwin/bin/ld.exe
configure:4748: checking if the linker (/usr/i686-pc-cygwin/bin/ld.exe) is GNU ld
configure:4763: result: yes
configure:4768: checking for /usr/i686-pc-cygwin/bin/ld.exe option to reload object files
configure:4775: result: -r
configure:4793: checking for BSD-compatible nm
configure:4842: result: /usr/bin/nm -B
configure:4846: checking whether ln -s works
configure:4850: result: yes
configure:4857: checking how to recognise dependent libraries
configure:5033: result: file_magic ^x86 archive import|^x86 DLL
configure:5267: checking how to run the C preprocessor
configure:5307: gcc -E  conftest.c
configure:5313: $? = 0
configure:5344: gcc -E  conftest.c
conftest.c:10:28: fatal error: ac_nonexistent.h: No such file or directory
compilation terminated.
configure:5350: $? = 1
configure: failed program was:
| /* confdefs.h.  */
| #define PACKAGE_NAME "veriwell"
| #define PACKAGE_TARNAME "veriwell"
| #define PACKAGE_VERSION "2.8.7"
| #define PACKAGE_STRING "veriwell 2.8.7"
| #define PACKAGE_BUGREPORT ""
| #define PACKAGE "veriwell"
| #define VERSION "2.8.7"
| /* end confdefs.h.  */
| #include <ac_nonexistent.h>
configure:5383: result: gcc -E
configure:5412: gcc -E  conftest.c
configure:5418: $? = 0
configure:5449: gcc -E  conftest.c
conftest.c:10:28: fatal error: ac_nonexistent.h: No such file or directory
compilation terminated.
configure:5455: $? = 1
configure: failed program was:
| /* confdefs.h.  */
| #define PACKAGE_NAME "veriwell"
| #define PACKAGE_TARNAME "veriwell"
| #define PACKAGE_VERSION "2.8.7"
| #define PACKAGE_STRING "veriwell 2.8.7"
| #define PACKAGE_BUGREPORT ""
| #define PACKAGE "veriwell"
| #define VERSION "2.8.7"
| /* end confdefs.h.  */
| #include <ac_nonexistent.h>
configure:5493: checking for ANSI C header files
configure:5523: gcc -c -g -O2  conftest.c >&5
configure:5529: $? = 0
configure:5628: gcc -o conftest.exe -g -O2   conftest.c  >&5
configure:5631: $? = 0
configure:5637: ./conftest.exe
configure:5640: $? = 0
configure:5657: result: yes
configure:5681: checking for sys/types.h
configure:5702: gcc -c -g -O2  conftest.c >&5
configure:5708: $? = 0
configure:5724: result: yes
configure:5681: checking for sys/stat.h
configure:5702: gcc -c -g -O2  conftest.c >&5
configure:5708: $? = 0
configure:5724: result: yes
configure:5681: checking for stdlib.h
configure:5702: gcc -c -g -O2  conftest.c >&5
configure:5708: $? = 0
configure:5724: result: yes
configure:5681: checking for string.h
configure:5702: gcc -c -g -O2  conftest.c >&5
configure:5708: $? = 0
configure:5724: result: yes
configure:5681: checking for memory.h
configure:5702: gcc -c -g -O2  conftest.c >&5
configure:5708: $? = 0
configure:5724: result: yes
configure:5681: checking for strings.h
configure:5702: gcc -c -g -O2  conftest.c >&5
configure:5708: $? = 0
configure:5724: result: yes
configure:5681: checking for inttypes.h
configure:5702: gcc -c -g -O2  conftest.c >&5
configure:5708: $? = 0
configure:5724: result: yes
configure:5681: checking for stdint.h
configure:5702: gcc -c -g -O2  conftest.c >&5
configure:5708: $? = 0
configure:5724: result: yes
configure:5681: checking for unistd.h
configure:5702: gcc -c -g -O2  conftest.c >&5
configure:5708: $? = 0
configure:5724: result: yes
configure:5751: checking dlfcn.h usability
configure:5768: gcc -c -g -O2  conftest.c >&5
configure:5774: $? = 0
configure:5788: result: yes
configure:5792: checking dlfcn.h presence
configure:5807: gcc -E  conftest.c
configure:5813: $? = 0
configure:5827: result: yes
configure:5855: checking for dlfcn.h
configure:5863: result: yes
configure:5886: checking how to run the C++ preprocessor
configure:5922: g++ -E  conftest.cpp
configure:5928: $? = 0
configure:5959: g++ -E  conftest.cpp
conftest.cpp:21:28: fatal error: ac_nonexistent.h: No such file or directory
compilation terminated.
configure:5965: $? = 1
configure: failed program was:
| /* confdefs.h.  */
| #define PACKAGE_NAME "veriwell"
| #define PACKAGE_TARNAME "veriwell"
| #define PACKAGE_VERSION "2.8.7"
| #define PACKAGE_STRING "veriwell 2.8.7"
| #define PACKAGE_BUGREPORT ""
| #define PACKAGE "veriwell"
| #define VERSION "2.8.7"
| #define STDC_HEADERS 1
| #define HAVE_SYS_TYPES_H 1
| #define HAVE_SYS_STAT_H 1
| #define HAVE_STDLIB_H 1
| #define HAVE_STRING_H 1
| #define HAVE_MEMORY_H 1
| #define HAVE_STRINGS_H 1
| #define HAVE_INTTYPES_H 1
| #define HAVE_STDINT_H 1
| #define HAVE_UNISTD_H 1
| #define HAVE_DLFCN_H 1
| /* end confdefs.h.  */
| #include <ac_nonexistent.h>
configure:5998: result: g++ -E
configure:6027: g++ -E  conftest.cpp
configure:6033: $? = 0
configure:6064: g++ -E  conftest.cpp
conftest.cpp:21:28: fatal error: ac_nonexistent.h: No such file or directory
compilation terminated.
configure:6070: $? = 1
configure: failed program was:
| /* confdefs.h.  */
| #define PACKAGE_NAME "veriwell"
| #define PACKAGE_TARNAME "veriwell"
| #define PACKAGE_VERSION "2.8.7"
| #define PACKAGE_STRING "veriwell 2.8.7"
| #define PACKAGE_BUGREPORT ""
| #define PACKAGE "veriwell"
| #define VERSION "2.8.7"
| #define STDC_HEADERS 1
| #define HAVE_SYS_TYPES_H 1
| #define HAVE_SYS_STAT_H 1
| #define HAVE_STDLIB_H 1
| #define HAVE_STRING_H 1
| #define HAVE_MEMORY_H 1
| #define HAVE_STRINGS_H 1
| #define HAVE_INTTYPES_H 1
| #define HAVE_STDINT_H 1
| #define HAVE_UNISTD_H 1
| #define HAVE_DLFCN_H 1
| /* end confdefs.h.  */
| #include <ac_nonexistent.h>
configure:6163: checking for g77
configure:6193: result: no
configure:6163: checking for xlf
configure:6193: result: no
configure:6163: checking for f77
configure:6193: result: no
configure:6163: checking for frt
configure:6193: result: no
configure:6163: checking for pgf77
configure:6193: result: no
configure:6163: checking for cf77
configure:6193: result: no
configure:6163: checking for fort77
configure:6193: result: no
configure:6163: checking for fl32
configure:6193: result: no
configure:6163: checking for af77
configure:6193: result: no
configure:6163: checking for xlf90
configure:6193: result: no
configure:6163: checking for f90
configure:6193: result: no
configure:6163: checking for pgf90
configure:6193: result: no
configure:6163: checking for pghpf
configure:6193: result: no
configure:6163: checking for epcf90
configure:6193: result: no
configure:6163: checking for gfortran
configure:6179: found /usr/bin/gfortran
configure:6190: result: gfortran
configure:6220: checking for Fortran 77 compiler version
configure:6227: gfortran --version >&5
GNU Fortran (GCC) 4.7.3
Copyright (C) 2012 Free Software Foundation, Inc.

GNU Fortran comes with NO WARRANTY, to the extent permitted by law.
You may redistribute copies of GNU Fortran
under the terms of the GNU General Public License.
For more information about these matters, see the file named COPYING

configure:6230: $? = 0
configure:6237: gfortran -v >&5
Using built-in specs.
COLLECT_GCC=gfortran
COLLECT_LTO_WRAPPER=/usr/lib/gcc/i686-pc-cygwin/4.7.3/lto-wrapper.exe
Target: i686-pc-cygwin
Configured with: /cygdrive/i/szsz/git/cygwin-ports-gcc/gcc-4.7.3-1/src/gcc-4.7.3/configure --srcdir=/cygdrive/i/szsz/git/cygwin-ports-gcc/gcc-4.7.3-1/src/gcc-4.7.3 --prefix=/usr --exec-prefix=/usr --bindir=/usr/bin --sbindir=/usr/sbin --libexecdir=/usr/lib --datadir=/usr/share --localstatedir=/var --sysconfdir=/etc --datarootdir=/usr/share --docdir=/usr/share/doc/gcc -C --build=i686-pc-cygwin --host=i686-pc-cygwin --target=i686-pc-cygwin --without-libiconv-prefix --without-libintl-prefix --enable-shared --enable-shared-libgcc --enable-static --enable-version-specific-runtime-libs --enable-bootstrap --disable-__cxa_atexit --with-dwarf2 --with-arch=i686 --with-tune=generic --disable-sjlj-exceptions --enable-languages=ada,c,c++,fortran,java,lto,objc,obj-c++ --enable-graphite --enable-threads=posix --enable-libgomp --disable-libitm --enable-libquadmath --enable-libquadmath-support --enable-libssp --enable-libada --enable-libjava --enable-libgcj-sublibs --disable-java-awt --disable-symvers --with-ecj-jar=/usr/share/java/ecj.jar --with-gnu-ld --with-gnu-as --with-cloog-include=/usr/include/cloog-ppl --with-system-zlib : (reconfigured) /cygdrive/i/szsz/git/cygwin-ports-gcc/gcc-4.7.3-1/src/gcc-4.7.3/configure --srcdir=/cygdrive/i/szsz/git/cygwin-ports-gcc/gcc-4.7.3-1/src/gcc-4.7.3 --prefix=/usr --exec-prefix=/usr --bindir=/usr/bin --sbindir=/usr/sbin --libexecdir=/usr/lib --datadir=/usr/share --localstatedir=/var --sysconfdir=/etc --datarootdir=/usr/share --docdir=/usr/share/doc/gcc -C --build=i686-pc-cygwin --host=i686-pc-cygwin --target=i686-pc-cygwin --without-libiconv-prefix --without-libintl-prefix --enable-shared --enable-shared-libgcc --enable-static --enable-version-specific-runtime-libs --enable-bootstrap --disable-__cxa_atexit --with-dwarf2 --with-arch=i686 --with-tune=generic --disable-sjlj-exceptions --enable-languages=ada,c,c++,fortran,java,lto,objc,obj-c++ --enable-graphite --enable-threads=posix --enable-libgomp --disable-libitm --enable-libquadmath --enable-libquadmath-support --enable-libssp --enable-libada --enable-libjava --enable-libgcj-sublibs --disable-java-awt --disable-symvers --with-ecj-jar=/usr/share/java/ecj.jar --with-gnu-ld --with-gnu-as --with-cloog-include=/usr/include/cloog-ppl --with-system-zlib
Thread model: posix
gcc version 4.7.3 (GCC) 
configure:6240: $? = 0
configure:6247: gfortran -V >&5
gfortran: error: unrecognized command line option '-V'
gfortran: fatal error: no input files
compilation terminated.
configure:6250: $? = 1
configure:6258: checking whether we are using the GNU Fortran 77 compiler
configure:6277: gfortran -c  conftest.F >&5
configure:6283: $? = 0
configure:6300: result: yes
configure:6306: checking whether gfortran accepts -g
configure:6323: gfortran -c -g conftest.f >&5
configure:6329: $? = 0
configure:6345: result: yes
configure:6375: checking the maximum length of command line arguments
configure:6484: result: 8192
configure:6495: checking command to parse /usr/bin/nm -B output from gcc object
configure:6600: gcc -c -g -O2  conftest.c >&5
configure:6603: $? = 0
configure:6607: /usr/bin/nm -B conftest.o \| sed -n -e 's/^.*[ 	]\([ABCDGIRSTW][ABCDGIRSTW]*\)[ 	][ 	]*\([_A-Za-z][_A-Za-z0-9]*\)$/\1 \2 \2/p' \> conftest.nm
configure:6610: $? = 0
cannot find nm_test_var in conftest.nm
configure:6600: gcc -c -g -O2  conftest.c >&5
configure:6603: $? = 0
configure:6607: /usr/bin/nm -B conftest.o \| sed -n -e 's/^.*[ 	]\([ABCDGIRSTW][ABCDGIRSTW]*\)[ 	][ 	]*_\([_A-Za-z][_A-Za-z0-9]*\)$/\1 _\2 \2/p' \> conftest.nm
configure:6610: $? = 0
configure:6662: gcc -o conftest.exe -g -O2   conftest.c conftstm.o >&5
configure:6665: $? = 0
configure:6703: result: ok
configure:6707: checking for objdir
configure:6722: result: .libs
configure:6814: checking for ar
configure:6830: found /usr/bin/ar
configure:6841: result: ar
configure:6910: checking for ranlib
configure:6937: result: ranlib
configure:7006: checking for strip
configure:7022: found /usr/bin/strip
configure:7033: result: strip
configure:7319: checking if gcc supports -fno-rtti -fno-exceptions
configure:7337: gcc -c -g -O2  -fno-rtti -fno-exceptions conftest.c >&5
cc1: warning: command line option '-fno-rtti' is valid for C++/ObjC++ but not for C [enabled by default]
configure:7341: $? = 0
configure:7354: result: no
configure:7369: checking for gcc option to produce PIC
configure:7579: result: 
configure:7650: checking if gcc static flag -static works
configure:7678: result: yes
configure:7688: checking if gcc supports -c -o file.o
configure:7709: gcc -c -g -O2  -o out/conftest2.o conftest.c >&5
configure:7713: $? = 0
configure:7735: result: yes
configure:7761: checking whether the gcc linker (/usr/i686-pc-cygwin/bin/ld.exe) supports shared libraries
configure:8715: result: yes
configure:8736: checking whether -lc should be explicitly linked in
configure:8741: gcc -c -g -O2  conftest.c >&5
configure:8744: $? = 0
configure:8759: gcc -shared conftest.o  -v -o ./conftest -Wl,--enable-auto-image-base -Xlinker --out-implib -Xlinker conftest 2\>\&1 \| grep  -lc  \>/dev/null 2\>\&1
configure:8762: $? = 1
configure:8774: result: yes
configure:8782: checking dynamic linker characteristics
configure:9391: result: Win32 ld.exe
configure:9400: checking how to hardcode library paths into programs
configure:9425: result: immediate
configure:9439: checking whether stripping libraries is possible
configure:9444: result: yes
configure:10245: checking if libtool supports shared libraries
configure:10247: result: yes
configure:10250: checking whether to build shared libraries
configure:10271: result: yes
configure:10274: checking whether to build static libraries
configure:10278: result: yes
configure:10370: creating libtool
configure:10958: checking for ld used by g++
configure:11025: result: /usr/i686-pc-cygwin/bin/ld.exe
configure:11034: checking if the linker (/usr/i686-pc-cygwin/bin/ld.exe) is GNU ld
configure:11049: result: yes
configure:11100: checking whether the g++ linker (/usr/i686-pc-cygwin/bin/ld.exe) supports shared libraries
configure:12034: result: yes
configure:12052: g++ -c -g -O2  conftest.cpp >&5
configure:12055: $? = 0
configure:12174: checking for g++ option to produce PIC
configure:12448: result: 
configure:12519: checking if g++ static flag -static works
configure:12547: result: yes
configure:12557: checking if g++ supports -c -o file.o
configure:12578: g++ -c -g -O2  -o out/conftest2.o conftest.cpp >&5
configure:12582: $? = 0
configure:12604: result: yes
configure:12630: checking whether the g++ linker (/usr/i686-pc-cygwin/bin/ld.exe) supports shared libraries
configure:12655: result: yes
configure:12722: checking dynamic linker characteristics
configure:13331: result: Win32 ld.exe
configure:13340: checking how to hardcode library paths into programs
configure:13365: result: immediate
configure:13891: checking if libtool supports shared libraries
configure:13893: result: yes
configure:13896: checking whether to build shared libraries
configure:13916: result: yes
configure:13919: checking whether to build static libraries
configure:13923: result: yes
configure:13933: checking for gfortran option to produce PIC
configure:14143: result: 
configure:14214: checking if gfortran static flag -static works
configure:14242: result: yes
configure:14252: checking if gfortran supports -c -o file.o
configure:14273: gfortran -c -g -O2 -o out/conftest2.o conftest.f >&5
configure:14277: $? = 0
configure:14299: result: yes
configure:14325: checking whether the gfortran linker (/usr/i686-pc-cygwin/bin/ld.exe) supports shared libraries
configure:15259: result: yes
configure:15326: checking dynamic linker characteristics
configure:15935: result: Win32 ld.exe
configure:15944: checking how to hardcode library paths into programs
configure:15969: result: immediate
configure:19585: checking for gperf
configure:19601: found /usr/bin/gperf
configure:19612: result: gperf
configure:19639: checking for bison
configure:19655: found /usr/bin/bison
configure:19666: result: bison
configure:19692: checking for gzwrite in -lz
configure:19727: gcc -o conftest.exe -g -O2   conftest.c -lz   >&5
configure:19733: $? = 0
configure:19751: result: yes
configure:19769: checking for BZ2_bzwrite in -lbz2
configure:19804: gcc -o conftest.exe -g -O2   conftest.c -lbz2   >&5
configure:19810: $? = 0
configure:19828: result: yes
configure:19849: checking for a readline compatible library
configure:19892: gcc -o conftest.exe -g -O2   conftest.c  -lreadline >&5
configure:19898: $? = 0
configure:19928: result: -lreadline
configure:19952: checking readline/readline.h usability
configure:19969: gcc -c -g -O2  conftest.c >&5
configure:19975: $? = 0
configure:19989: result: yes
configure:19993: checking readline/readline.h presence
configure:20008: gcc -E  conftest.c
configure:20014: $? = 0
configure:20028: result: yes
configure:20056: checking for readline/readline.h
configure:20064: result: yes
configure:20092: checking readline.h usability
configure:20109: gcc -c -g -O2  conftest.c >&5
conftest.c:58:22: fatal error: readline.h: No such file or directory
compilation terminated.
configure:20115: $? = 1
configure: failed program was:
| /* confdefs.h.  */
| #define PACKAGE_NAME "veriwell"
| #define PACKAGE_TARNAME "veriwell"
| #define PACKAGE_VERSION "2.8.7"
| #define PACKAGE_STRING "veriwell 2.8.7"
| #define PACKAGE_BUGREPORT ""
| #define PACKAGE "veriwell"
| #define VERSION "2.8.7"
| #define STDC_HEADERS 1
| #define HAVE_SYS_TYPES_H 1
| #define HAVE_SYS_STAT_H 1
| #define HAVE_STDLIB_H 1
| #define HAVE_STRING_H 1
| #define HAVE_MEMORY_H 1
| #define HAVE_STRINGS_H 1
| #define HAVE_INTTYPES_H 1
| #define HAVE_STDINT_H 1
| #define HAVE_UNISTD_H 1
| #define HAVE_DLFCN_H 1
| #define HAVE_LIBZ
| #define HAVE_LIBBZ2
| #define HAVE_LIBREADLINE 1
| #define HAVE_READLINE_READLINE_H 1
| /* end confdefs.h.  */
| #include <stdio.h>
| #ifdef HAVE_SYS_TYPES_H
| # include <sys/types.h>
| #endif
| #ifdef HAVE_SYS_STAT_H
| # include <sys/stat.h>
| #endif
| #ifdef STDC_HEADERS
| # include <stdlib.h>
| # include <stddef.h>
| #else
| # ifdef HAVE_STDLIB_H
| #  include <stdlib.h>
| # endif
| #endif
| #ifdef HAVE_STRING_H
| # if !defined STDC_HEADERS && defined HAVE_MEMORY_H
| #  include <memory.h>
| # endif
| # include <string.h>
| #endif
| #ifdef HAVE_STRINGS_H
| # include <strings.h>
| #endif
| #ifdef HAVE_INTTYPES_H
| # include <inttypes.h>
| #endif
| #ifdef HAVE_STDINT_H
| # include <stdint.h>
| #endif
| #ifdef HAVE_UNISTD_H
| # include <unistd.h>
| #endif
| #include <readline.h>
configure:20129: result: no
configure:20133: checking readline.h presence
configure:20148: gcc -E  conftest.c
conftest.c:25:22: fatal error: readline.h: No such file or directory
compilation terminated.
configure:20154: $? = 1
configure: failed program was:
| /* confdefs.h.  */
| #define PACKAGE_NAME "veriwell"
| #define PACKAGE_TARNAME "veriwell"
| #define PACKAGE_VERSION "2.8.7"
| #define PACKAGE_STRING "veriwell 2.8.7"
| #define PACKAGE_BUGREPORT ""
| #define PACKAGE "veriwell"
| #define VERSION "2.8.7"
| #define STDC_HEADERS 1
| #define HAVE_SYS_TYPES_H 1
| #define HAVE_SYS_STAT_H 1
| #define HAVE_STDLIB_H 1
| #define HAVE_STRING_H 1
| #define HAVE_MEMORY_H 1
| #define HAVE_STRINGS_H 1
| #define HAVE_INTTYPES_H 1
| #define HAVE_STDINT_H 1
| #define HAVE_UNISTD_H 1
| #define HAVE_DLFCN_H 1
| #define HAVE_LIBZ
| #define HAVE_LIBBZ2
| #define HAVE_LIBREADLINE 1
| #define HAVE_READLINE_READLINE_H 1
| /* end confdefs.h.  */
| #include <readline.h>
configure:20168: result: no
configure:20196: checking for readline.h
configure:20204: result: no
configure:20217: checking whether readline supports history
configure:20252: gcc -o conftest.exe -g -O2   conftest.c  -lreadline >&5
configure:20258: $? = 0
configure:20276: result: yes
configure:20300: checking history.h usability
configure:20317: gcc -c -g -O2  conftest.c >&5
conftest.c:59:21: fatal error: history.h: No such file or directory
compilation terminated.
configure:20323: $? = 1
configure: failed program was:
| /* confdefs.h.  */
| #define PACKAGE_NAME "veriwell"
| #define PACKAGE_TARNAME "veriwell"
| #define PACKAGE_VERSION "2.8.7"
| #define PACKAGE_STRING "veriwell 2.8.7"
| #define PACKAGE_BUGREPORT ""
| #define PACKAGE "veriwell"
| #define VERSION "2.8.7"
| #define STDC_HEADERS 1
| #define HAVE_SYS_TYPES_H 1
| #define HAVE_SYS_STAT_H 1
| #define HAVE_STDLIB_H 1
| #define HAVE_STRING_H 1
| #define HAVE_MEMORY_H 1
| #define HAVE_STRINGS_H 1
| #define HAVE_INTTYPES_H 1
| #define HAVE_STDINT_H 1
| #define HAVE_UNISTD_H 1
| #define HAVE_DLFCN_H 1
| #define HAVE_LIBZ
| #define HAVE_LIBBZ2
| #define HAVE_LIBREADLINE 1
| #define HAVE_READLINE_READLINE_H 1
| #define HAVE_READLINE_HISTORY 1
| /* end confdefs.h.  */
| #include <stdio.h>
| #ifdef HAVE_SYS_TYPES_H
| # include <sys/types.h>
| #endif
| #ifdef HAVE_SYS_STAT_H
| # include <sys/stat.h>
| #endif
| #ifdef STDC_HEADERS
| # include <stdlib.h>
| # include <stddef.h>
| #else
| # ifdef HAVE_STDLIB_H
| #  include <stdlib.h>
| # endif
| #endif
| #ifdef HAVE_STRING_H
| # if !defined STDC_HEADERS && defined HAVE_MEMORY_H
| #  include <memory.h>
| # endif
| # include <string.h>
| #endif
| #ifdef HAVE_STRINGS_H
| # include <strings.h>
| #endif
| #ifdef HAVE_INTTYPES_H
| # include <inttypes.h>
| #endif
| #ifdef HAVE_STDINT_H
| # include <stdint.h>
| #endif
| #ifdef HAVE_UNISTD_H
| # include <unistd.h>
| #endif
| #include <history.h>
configure:20337: result: no
configure:20341: checking history.h presence
configure:20356: gcc -E  conftest.c
conftest.c:26:21: fatal error: history.h: No such file or directory
compilation terminated.
configure:20362: $? = 1
configure: failed program was:
| /* confdefs.h.  */
| #define PACKAGE_NAME "veriwell"
| #define PACKAGE_TARNAME "veriwell"
| #define PACKAGE_VERSION "2.8.7"
| #define PACKAGE_STRING "veriwell 2.8.7"
| #define PACKAGE_BUGREPORT ""
| #define PACKAGE "veriwell"
| #define VERSION "2.8.7"
| #define STDC_HEADERS 1
| #define HAVE_SYS_TYPES_H 1
| #define HAVE_SYS_STAT_H 1
| #define HAVE_STDLIB_H 1
| #define HAVE_STRING_H 1
| #define HAVE_MEMORY_H 1
| #define HAVE_STRINGS_H 1
| #define HAVE_INTTYPES_H 1
| #define HAVE_STDINT_H 1
| #define HAVE_UNISTD_H 1
| #define HAVE_DLFCN_H 1
| #define HAVE_LIBZ
| #define HAVE_LIBBZ2
| #define HAVE_LIBREADLINE 1
| #define HAVE_READLINE_READLINE_H 1
| #define HAVE_READLINE_HISTORY 1
| /* end confdefs.h.  */
| #include <history.h>
configure:20376: result: no
configure:20404: checking for history.h
configure:20412: result: no
configure:20300: checking readline/history.h usability
configure:20317: gcc -c -g -O2  conftest.c >&5
configure:20323: $? = 0
configure:20337: result: yes
configure:20341: checking readline/history.h presence
configure:20356: gcc -E  conftest.c
configure:20362: $? = 0
configure:20376: result: yes
configure:20404: checking for readline/history.h
configure:20412: result: yes
configure:20438: checking for ANSI C header files
configure:20602: result: yes
configure:20633: checking limits.h usability
configure:20650: gcc -c -g -O2  conftest.c >&5
configure:20656: $? = 0
configure:20670: result: yes
configure:20674: checking limits.h presence
configure:20689: gcc -E  conftest.c
configure:20695: $? = 0
configure:20709: result: yes
configure:20737: checking for limits.h
configure:20745: result: yes
configure:20623: checking for memory.h
configure:20629: result: yes
configure:20633: checking stddef.h usability
configure:20650: gcc -c -g -O2  conftest.c >&5
configure:20656: $? = 0
configure:20670: result: yes
configure:20674: checking stddef.h presence
configure:20689: gcc -E  conftest.c
configure:20695: $? = 0
configure:20709: result: yes
configure:20737: checking for stddef.h
configure:20745: result: yes
configure:20623: checking for stdlib.h
configure:20629: result: yes
configure:20633: checking stdarg.h usability
configure:20650: gcc -c -g -O2  conftest.c >&5
configure:20656: $? = 0
configure:20670: result: yes
configure:20674: checking stdarg.h presence
configure:20689: gcc -E  conftest.c
configure:20695: $? = 0
configure:20709: result: yes
configure:20737: checking for stdarg.h
configure:20745: result: yes
configure:20623: checking for string.h
configure:20629: result: yes
configure:20623: checking for unistd.h
configure:20629: result: yes
configure:20760: checking for stdbool.h that conforms to C99
configure:20853: gcc -c -g -O2  conftest.c >&5
configure:20859: $? = 0
configure:20874: result: yes
configure:20876: checking for _Bool
configure:20906: gcc -c -g -O2  conftest.c >&5
configure:20912: $? = 0
configure:20927: result: yes
configure:20946: checking for an ANSI C-conforming const
configure:21021: gcc -c -g -O2  conftest.c >&5
configure:21027: $? = 0
configure:21042: result: yes
configure:21052: checking for inline
configure:21078: gcc -c -g -O2  conftest.c >&5
configure:21084: $? = 0
configure:21102: result: inline
configure:21121: checking for size_t
configure:21151: gcc -c -g -O2  conftest.c >&5
configure:21157: $? = 0
configure:21172: result: yes
configure:21184: checking whether time.h and sys/time.h may both be included
configure:21214: gcc -c -g -O2  conftest.c >&5
configure:21220: $? = 0
configure:21235: result: yes
configure:21245: checking whether byte ordering is bigendian
configure:21278: gcc -c -g -O2  conftest.c >&5
configure:21284: $? = 0
configure:21316: gcc -c -g -O2  conftest.c >&5
conftest.c: In function 'main':
conftest.c:45:2: error: unknown type name 'not'
conftest.c:45:10: error: expected '=', ',', ';', 'asm' or '__attribute__' before 'endian'
configure:21322: $? = 1
configure: failed program was:
| /* confdefs.h.  */
| #define PACKAGE_NAME "veriwell"
| #define PACKAGE_TARNAME "veriwell"
| #define PACKAGE_VERSION "2.8.7"
| #define PACKAGE_STRING "veriwell 2.8.7"
| #define PACKAGE_BUGREPORT ""
| #define PACKAGE "veriwell"
| #define VERSION "2.8.7"
| #define STDC_HEADERS 1
| #define HAVE_SYS_TYPES_H 1
| #define HAVE_SYS_STAT_H 1
| #define HAVE_STDLIB_H 1
| #define HAVE_STRING_H 1
| #define HAVE_MEMORY_H 1
| #define HAVE_STRINGS_H 1
| #define HAVE_INTTYPES_H 1
| #define HAVE_STDINT_H 1
| #define HAVE_UNISTD_H 1
| #define HAVE_DLFCN_H 1
| #define HAVE_LIBZ
| #define HAVE_LIBBZ2
| #define HAVE_LIBREADLINE 1
| #define HAVE_READLINE_READLINE_H 1
| #define HAVE_READLINE_HISTORY 1
| #define HAVE_READLINE_HISTORY_H 1
| #define STDC_HEADERS 1
| #define HAVE_LIMITS_H 1
| #define HAVE_MEMORY_H 1
| #define HAVE_STDDEF_H 1
| #define HAVE_STDLIB_H 1
| #define HAVE_STDARG_H 1
| #define HAVE_STRING_H 1
| #define HAVE_UNISTD_H 1
| #define HAVE__BOOL 1
| #define HAVE_STDBOOL_H 1
| #define TIME_WITH_SYS_TIME 1
| /* end confdefs.h.  */
| #include <sys/types.h>
| #include <sys/param.h>
| 
| int
| main ()
| {
| #if BYTE_ORDER != BIG_ENDIAN
|  not big endian
| #endif
| 
|   ;
|   return 0;
| }
configure:21462: result: no
configure:21488: checking for stdlib.h
configure:21494: result: yes
configure:21623: checking for GNU libc compatible malloc
configure:21657: gcc -o conftest.exe -g -O2   conftest.c  -lreadline >&5
configure:21660: $? = 0
configure:21666: ./conftest.exe
configure:21669: $? = 0
configure:21685: result: yes
configure:21713: checking return type of signal handlers
configure:21741: gcc -c -g -O2  conftest.c >&5
conftest.c: In function 'main':
conftest.c:46:1: error: void value not ignored as it ought to be
configure:21747: $? = 1
configure: failed program was:
| /* confdefs.h.  */
| #define PACKAGE_NAME "veriwell"
| #define PACKAGE_TARNAME "veriwell"
| #define PACKAGE_VERSION "2.8.7"
| #define PACKAGE_STRING "veriwell 2.8.7"
| #define PACKAGE_BUGREPORT ""
| #define PACKAGE "veriwell"
| #define VERSION "2.8.7"
| #define STDC_HEADERS 1
| #define HAVE_SYS_TYPES_H 1
| #define HAVE_SYS_STAT_H 1
| #define HAVE_STDLIB_H 1
| #define HAVE_STRING_H 1
| #define HAVE_MEMORY_H 1
| #define HAVE_STRINGS_H 1
| #define HAVE_INTTYPES_H 1
| #define HAVE_STDINT_H 1
| #define HAVE_UNISTD_H 1
| #define HAVE_DLFCN_H 1
| #define HAVE_LIBZ
| #define HAVE_LIBBZ2
| #define HAVE_LIBREADLINE 1
| #define HAVE_READLINE_READLINE_H 1
| #define HAVE_READLINE_HISTORY 1
| #define HAVE_READLINE_HISTORY_H 1
| #define STDC_HEADERS 1
| #define HAVE_LIMITS_H 1
| #define HAVE_MEMORY_H 1
| #define HAVE_STDDEF_H 1
| #define HAVE_STDLIB_H 1
| #define HAVE_STDARG_H 1
| #define HAVE_STRING_H 1
| #define HAVE_UNISTD_H 1
| #define HAVE__BOOL 1
| #define HAVE_STDBOOL_H 1
| #define TIME_WITH_SYS_TIME 1
| #define HAVE_STDLIB_H 1
| #define HAVE_MALLOC 1
| /* end confdefs.h.  */
| #include <sys/types.h>
| #include <signal.h>
| 
| int
| main ()
| {
| return *(signal (0, 0)) (0) == 1;
|   ;
|   return 0;
| }
configure:21762: result: void
configure:21774: checking for vprintf
configure:21830: gcc -o conftest.exe -g -O2   conftest.c  -lreadline >&5
conftest.c:64:6: warning: conflicting types for built-in function 'vprintf' [enabled by default]
configure:21836: $? = 0
configure:21854: result: yes
configure:21861: checking for _doprnt
configure:21917: gcc -o conftest.exe -g -O2   conftest.c  -lreadline >&5
/tmp/ccrwKl1N.o: In function `main':
/home/user/veriwell-2.8.7/conftest.c:76: undefined reference to `_doprnt'
collect2: error: ld returned 1 exit status
configure:21923: $? = 1
configure: failed program was:
| /* confdefs.h.  */
| #define PACKAGE_NAME "veriwell"
| #define PACKAGE_TARNAME "veriwell"
| #define PACKAGE_VERSION "2.8.7"
| #define PACKAGE_STRING "veriwell 2.8.7"
| #define PACKAGE_BUGREPORT ""
| #define PACKAGE "veriwell"
| #define VERSION "2.8.7"
| #define STDC_HEADERS 1
| #define HAVE_SYS_TYPES_H 1
| #define HAVE_SYS_STAT_H 1
| #define HAVE_STDLIB_H 1
| #define HAVE_STRING_H 1
| #define HAVE_MEMORY_H 1
| #define HAVE_STRINGS_H 1
| #define HAVE_INTTYPES_H 1
| #define HAVE_STDINT_H 1
| #define HAVE_UNISTD_H 1
| #define HAVE_DLFCN_H 1
| #define HAVE_LIBZ
| #define HAVE_LIBBZ2
| #define HAVE_LIBREADLINE 1
| #define HAVE_READLINE_READLINE_H 1
| #define HAVE_READLINE_HISTORY 1
| #define HAVE_READLINE_HISTORY_H 1
| #define STDC_HEADERS 1
| #define HAVE_LIMITS_H 1
| #define HAVE_MEMORY_H 1
| #define HAVE_STDDEF_H 1
| #define HAVE_STDLIB_H 1
| #define HAVE_STDARG_H 1
| #define HAVE_STRING_H 1
| #define HAVE_UNISTD_H 1
| #define HAVE__BOOL 1
| #define HAVE_STDBOOL_H 1
| #define TIME_WITH_SYS_TIME 1
| #define HAVE_STDLIB_H 1
| #define HAVE_MALLOC 1
| #define RETSIGTYPE void
| #define HAVE_VPRINTF 1
| /* end confdefs.h.  */
| /* Define _doprnt to an innocuous variant, in case <limits.h> declares _doprnt.
|    For example, HP-UX 11i <limits.h> declares gettimeofday.  */
| #define _doprnt innocuous__doprnt
| 
| /* System header to define __stub macros and hopefully few prototypes,
|     which can conflict with char _doprnt (); below.
|     Prefer <limits.h> to <assert.h> if __STDC__ is defined, since
|     <limits.h> exists even on freestanding compilers.  */
| 
| #ifdef __STDC__
| # include <limits.h>
| #else
| # include <assert.h>
| #endif
| 
| #undef _doprnt
| 
| /* Override any GCC internal prototype to avoid an error.
|    Use char because int might match the return type of a GCC
|    builtin and then its argument prototype would still apply.  */
| #ifdef __cplusplus
| extern "C"
| #endif
| char _doprnt ();
| /* The GNU C library defines this for functions which it implements
|     to always fail with ENOSYS.  Some functions are actually named
|     something starting with __ and the normal name is an alias.  */
| #if defined __stub__doprnt || defined __stub____doprnt
| choke me
| #endif
| 
| int
| main ()
| {
| return _doprnt ();
|   ;
|   return 0;
| }
configure:21940: result: no
configure:21963: checking for memmove
configure:22019: gcc -o conftest.exe -g -O2   conftest.c  -lreadline >&5
conftest.c:65:6: warning: conflicting types for built-in function 'memmove' [enabled by default]
configure:22025: $? = 0
configure:22043: result: yes
configure:21963: checking for memset
configure:22019: gcc -o conftest.exe -g -O2   conftest.c  -lreadline >&5
conftest.c:66:6: warning: conflicting types for built-in function 'memset' [enabled by default]
configure:22025: $? = 0
configure:22043: result: yes
configure:21963: checking for pow
configure:22019: gcc -o conftest.exe -g -O2   conftest.c  -lreadline >&5
conftest.c:67:6: warning: conflicting types for built-in function 'pow' [enabled by default]
configure:22025: $? = 0
configure:22043: result: yes
configure:21963: checking for strchr
configure:22019: gcc -o conftest.exe -g -O2   conftest.c  -lreadline >&5
conftest.c:68:6: warning: conflicting types for built-in function 'strchr' [enabled by default]
configure:22025: $? = 0
configure:22043: result: yes
configure:21963: checking for strdup
configure:22019: gcc -o conftest.exe -g -O2   conftest.c  -lreadline >&5
conftest.c:69:6: warning: conflicting types for built-in function 'strdup' [enabled by default]
configure:22025: $? = 0
configure:22043: result: yes
configure:21963: checking for strrchr
configure:22019: gcc -o conftest.exe -g -O2   conftest.c  -lreadline >&5
conftest.c:70:6: warning: conflicting types for built-in function 'strrchr' [enabled by default]
configure:22025: $? = 0
configure:22043: result: yes
configure:22060: checking for vfscanf in stdio.h
configure:22090: g++ -o conftest.exe -g -O2   conftest.cpp  -lreadline >&5
configure:22096: $? = 0
configure:22115: result: yes
configure:22334: creating ./config.status

## ---------------------- ##
## Running config.status. ##
## ---------------------- ##

This file was extended by veriwell config.status 2.8.7, which was
generated by GNU Autoconf 2.61.  Invocation command line was

  CONFIG_FILES    = 
  CONFIG_HEADERS  = 
  CONFIG_LINKS    = 
  CONFIG_COMMANDS = 
  $ ./config.status 

on user-PC

config.status:681: creating Makefile
config.status:681: creating replace/Makefile
config.status:681: creating replace/libz/Makefile
config.status:681: creating replace/libbz2/Makefile
config.status:681: creating src/Makefile
config.status:681: creating lxt/Makefile
config.status:681: creating doc/Makefile
config.status:681: creating config.h
config.status:946: config.h is unchanged
config.status:992: executing depfiles commands

## ---------------- ##
## Cache variables. ##
## ---------------- ##

ac_cv_build=i686-pc-cygwin
ac_cv_c_bigendian=no
ac_cv_c_compiler_gnu=yes
ac_cv_c_const=yes
ac_cv_c_inline=inline
ac_cv_cxx_compiler_gnu=yes
ac_cv_enable_lxt2=yes
ac_cv_enable_lxt=yes
ac_cv_enable_m32=no
ac_cv_env_CCC_set=
ac_cv_env_CCC_value=
ac_cv_env_CC_set=
ac_cv_env_CC_value=
ac_cv_env_CFLAGS_set=
ac_cv_env_CFLAGS_value=
ac_cv_env_CPPFLAGS_set=
ac_cv_env_CPPFLAGS_value=
ac_cv_env_CPP_set=
ac_cv_env_CPP_value=
ac_cv_env_CXXCPP_set=
ac_cv_env_CXXCPP_value=
ac_cv_env_CXXFLAGS_set=
ac_cv_env_CXXFLAGS_value=
ac_cv_env_CXX_set=
ac_cv_env_CXX_value=
ac_cv_env_F77_set=
ac_cv_env_F77_value=
ac_cv_env_FFLAGS_set=
ac_cv_env_FFLAGS_value=
ac_cv_env_LDFLAGS_set=
ac_cv_env_LDFLAGS_value=
ac_cv_env_LIBS_set=
ac_cv_env_LIBS_value=
ac_cv_env_build_alias_set=
ac_cv_env_build_alias_value=
ac_cv_env_host_alias_set=
ac_cv_env_host_alias_value=
ac_cv_env_target_alias_set=
ac_cv_env_target_alias_value=
ac_cv_exeext=.exe
ac_cv_f77_compiler_gnu=yes
ac_cv_func__doprnt=no
ac_cv_func_malloc_0_nonnull=yes
ac_cv_func_memmove=yes
ac_cv_func_memset=yes
ac_cv_func_pow=yes
ac_cv_func_strchr=yes
ac_cv_func_strdup=yes
ac_cv_func_strrchr=yes
ac_cv_func_vprintf=yes
ac_cv_header_dlfcn_h=yes
ac_cv_header_history_h=no
ac_cv_header_inttypes_h=yes
ac_cv_header_limits_h=yes
ac_cv_header_memory_h=yes
ac_cv_header_readline_h=no
ac_cv_header_readline_history_h=yes
ac_cv_header_readline_readline_h=yes
ac_cv_header_stdarg_h=yes
ac_cv_header_stdbool_h=yes
ac_cv_header_stdc=yes
ac_cv_header_stddef_h=yes
ac_cv_header_stdint_h=yes
ac_cv_header_stdlib_h=yes
ac_cv_header_string_h=yes
ac_cv_header_strings_h=yes
ac_cv_header_sys_stat_h=yes
ac_cv_header_sys_types_h=yes
ac_cv_header_time=yes
ac_cv_header_unistd_h=yes
ac_cv_host=i686-pc-cygwin
ac_cv_lib_bz2_BZ2_bzwrite=yes
ac_cv_lib_z_gzwrite=yes
ac_cv_objext=o
ac_cv_path_EGREP='/usr/bin/grep -E'
ac_cv_path_GREP=/usr/bin/grep
ac_cv_path_install='/usr/bin/install -c'
ac_cv_path_mkdir=/usr/bin/mkdir
ac_cv_prog_AWK=gawk
ac_cv_prog_CPP='gcc -E'
ac_cv_prog_CXXCPP='g++ -E'
ac_cv_prog_XGPERF=gperf
ac_cv_prog_YACC=bison
ac_cv_prog_ac_ct_AR=ar
ac_cv_prog_ac_ct_CC=gcc
ac_cv_prog_ac_ct_CXX=g++
ac_cv_prog_ac_ct_F77=gfortran
ac_cv_prog_ac_ct_RANLIB=ranlib
ac_cv_prog_ac_ct_STRIP=strip
ac_cv_prog_cc_c89=
ac_cv_prog_cc_g=yes
ac_cv_prog_cxx_g=yes
ac_cv_prog_f77_g=yes
ac_cv_prog_make_make_set=yes
ac_cv_stdin_vfscanf=yes
ac_cv_type__Bool=yes
ac_cv_type_signal=void
ac_cv_type_size_t=yes
am_cv_CC_dependencies_compiler_type=gcc3
am_cv_CXX_dependencies_compiler_type=gcc3
lt_cv_deplibs_check_method='file_magic ^x86 archive import|^x86 DLL'
lt_cv_file_magic_cmd=func_win32_libid
lt_cv_file_magic_test_file=
lt_cv_ld_reload_flag=-r
lt_cv_objdir=.libs
lt_cv_path_LD=/usr/i686-pc-cygwin/bin/ld.exe
lt_cv_path_LDCXX=/usr/i686-pc-cygwin/bin/ld.exe
lt_cv_path_NM='/usr/bin/nm -B'
lt_cv_path_SED=/usr/bin/sed
lt_cv_prog_compiler_c_o=yes
lt_cv_prog_compiler_c_o_CXX=yes
lt_cv_prog_compiler_c_o_F77=yes
lt_cv_prog_compiler_rtti_exceptions=no
lt_cv_prog_gnu_ld=yes
lt_cv_prog_gnu_ldcxx=yes
lt_cv_sys_global_symbol_pipe='sed -n -e '\''s/^.*[ 	]\([ABCDGIRSTW][ABCDGIRSTW]*\)[ 	][ 	]*_\([_A-Za-z][_A-Za-z0-9]*\)$/\1 _\2 \2/p'\'''
lt_cv_sys_global_symbol_to_c_name_address='sed -n -e '\''s/^: \([^ ]*\) $/  {\"\1\", (lt_ptr) 0},/p'\'' -e '\''s/^[BCDEGRST] \([^ ]*\) \([^ ]*\)$/  {"\2", (lt_ptr) \&\2},/p'\'''
lt_cv_sys_global_symbol_to_cdecl='sed -n -e '\''s/^. .* \(.*\)$/extern int \1;/p'\'''
lt_cv_sys_max_cmd_len=8192
lt_lt_cv_prog_compiler_c_o='"yes"'
lt_lt_cv_prog_compiler_c_o_CXX='"yes"'
lt_lt_cv_prog_compiler_c_o_F77='"yes"'
lt_lt_cv_sys_global_symbol_pipe='"sed -n -e '\''s/^.*[ 	]\\([ABCDGIRSTW][ABCDGIRSTW]*\\)[ 	][ 	]*_\\([_A-Za-z][_A-Za-z0-9]*\\)\$/\\1 _\\2 \\2/p'\''"'
lt_lt_cv_sys_global_symbol_to_c_name_address='"sed -n -e '\''s/^: \\([^ ]*\\) \$/  {\\\"\\1\\\", (lt_ptr) 0},/p'\'' -e '\''s/^[BCDEGRST] \\([^ ]*\\) \\([^ ]*\\)\$/  {\"\\2\", (lt_ptr) \\&\\2},/p'\''"'
lt_lt_cv_sys_global_symbol_to_cdecl='"sed -n -e '\''s/^. .* \\(.*\\)\$/extern int \\1;/p'\''"'
vl_cv_lib_readline=-lreadline
vl_cv_lib_readline_history=yes

## ----------------- ##
## Output variables. ##
## ----------------- ##

ACLOCAL='${SHELL} /home/user/veriwell-2.8.7/config/missing --run aclocal-1.10'
AMDEPBACKSLASH='\'
AMDEP_FALSE='#'
AMDEP_TRUE=''
AMTAR='${SHELL} /home/user/veriwell-2.8.7/config/missing --run tar'
AR='ar'
AUTOCONF='${SHELL} /home/user/veriwell-2.8.7/config/missing --run autoconf'
AUTOHEADER='${SHELL} /home/user/veriwell-2.8.7/config/missing --run autoheader'
AUTOMAKE='${SHELL} /home/user/veriwell-2.8.7/config/missing --run automake-1.10'
AWK='gawk'
BUILD_LIBBZ2_FALSE=''
BUILD_LIBBZ2_TRUE='#'
BUILD_LIBZ_FALSE=''
BUILD_LIBZ_TRUE='#'
CC='gcc'
CCDEPMODE='depmode=gcc3'
CFLAGS='-g -O2'
CPP='gcc -E'
CPPFLAGS=''
CXX='g++'
CXXCPP='g++ -E'
CXXDEPMODE='depmode=gcc3'
CXXFLAGS='-g -O2'
CYGPATH_W='cygpath -w'
DEFS='-DHAVE_CONFIG_H'
DEPDIR='.deps'
ECHO='echo'
ECHO_C=''
ECHO_N='-n'
ECHO_T=''
EGREP='/usr/bin/grep -E'
EXEEXT='.exe'
F77='gfortran'
FFLAGS='-g -O2'
GREP='/usr/bin/grep'
HELP2MAN=''
INSTALL_DATA='${INSTALL} -m 644'
INSTALL_PROGRAM='${INSTALL}'
INSTALL_SCRIPT='${INSTALL}'
INSTALL_STRIP_PROGRAM='$(install_sh) -c -s'
LDFLAGS=''
LIBOBJS=' ${LIBOBJDIR}readline$U.o'
LIBS=' -lreadline'
LIBTOOL='$(SHELL) $(top_builddir)/libtool'
LN_S='ln -s'
LTLIBOBJS=' ${LIBOBJDIR}readline$U.lo'
MAKEINFO='${SHELL} /home/user/veriwell-2.8.7/config/missing --run makeinfo'
OBJEXT='o'
PACKAGE='veriwell'
PACKAGE_BUGREPORT=''
PACKAGE_NAME='veriwell'
PACKAGE_STRING='veriwell 2.8.7'
PACKAGE_TARNAME='veriwell'
PACKAGE_VERSION='2.8.7'
PATH_SEPARATOR=':'
RANLIB='ranlib'
SED='/usr/bin/sed'
SET_MAKE=''
SHELL='/bin/sh'
STRIP='strip'
USE_HELP2MAN_FALSE=''
USE_HELP2MAN_TRUE='#'
USE_LXT2_FALSE='#'
USE_LXT2_TRUE=''
USE_LXT_FALSE='#'
USE_LXT_TRUE=''
VERSION='2.8.7'
XGPERF='gperf'
YACC='bison'
ac_ct_CC='gcc'
ac_ct_CXX='g++'
ac_ct_F77='gfortran'
am__fastdepCC_FALSE='#'
am__fastdepCC_TRUE=''
am__fastdepCXX_FALSE='#'
am__fastdepCXX_TRUE=''
am__include='include'
am__isrc=''
am__leading_dot='.'
am__quote=''
am__tar='${AMTAR} chof - "$$tardir"'
am__untar='${AMTAR} xf -'
bindir='${exec_prefix}/bin'
build='i686-pc-cygwin'
build_alias=''
build_cpu='i686'
build_os='cygwin'
build_vendor='pc'
datadir='${datarootdir}'
datarootdir='${prefix}/share'
docdir='${datarootdir}/doc/${PACKAGE_TARNAME}'
dvidir='${docdir}'
exec_prefix='${prefix}'
host='i686-pc-cygwin'
host_alias=''
host_cpu='i686'
host_os='cygwin'
host_vendor='pc'
htmldir='${docdir}'
includedir='${prefix}/include'
infodir='${datarootdir}/info'
install_sh='$(SHELL) /home/user/veriwell-2.8.7/config/install-sh'
libdir='${exec_prefix}/lib'
libexecdir='${exec_prefix}/libexec'
localedir='${datarootdir}/locale'
localstatedir='${prefix}/var'
mandir='${datarootdir}/man'
mkdir_p='/usr/bin/mkdir -p'
oldincludedir='/usr/include'
pdfdir='${docdir}'
prefix='/usr/local'
program_transform_name='s,x,x,'
psdir='${docdir}'
sbindir='${exec_prefix}/sbin'
sharedstatedir='${prefix}/com'
sysconfdir='${prefix}/etc'
target_alias=''

## ----------- ##
## confdefs.h. ##
## ----------- ##

#define PACKAGE_NAME "veriwell"
#define PACKAGE_TARNAME "veriwell"
#define PACKAGE_VERSION "2.8.7"
#define PACKAGE_STRING "veriwell 2.8.7"
#define PACKAGE_BUGREPORT ""
#define PACKAGE "veriwell"
#define VERSION "2.8.7"
#define STDC_HEADERS 1
#define HAVE_SYS_TYPES_H 1
#define HAVE_SYS_STAT_H 1
#define HAVE_STDLIB_H 1
#define HAVE_STRING_H 1
#define HAVE_MEMORY_H 1
#define HAVE_STRINGS_H 1
#define HAVE_INTTYPES_H 1
#define HAVE_STDINT_H 1
#define HAVE_UNISTD_H 1
#define HAVE_DLFCN_H 1
#define HAVE_LIBZ
#define HAVE_LIBBZ2
#define HAVE_LIBREADLINE 1
#define HAVE_READLINE_READLINE_H 1
#define HAVE_READLINE_HISTORY 1
#define HAVE_READLINE_HISTORY_H 1
#define STDC_HEADERS 1
#define HAVE_LIMITS_H 1
#define HAVE_MEMORY_H 1
#define HAVE_STDDEF_H 1
#define HAVE_STDLIB_H 1
#define HAVE_STDARG_H 1
#define HAVE_STRING_H 1
#define HAVE_UNISTD_H 1
#define HAVE__BOOL 1
#define HAVE_STDBOOL_H 1
#define TIME_WITH_SYS_TIME 1
#define HAVE_STDLIB_H 1
#define HAVE_MALLOC 1
#define RETSIGTYPE void
#define HAVE_VPRINTF 1
#define HAVE_MEMMOVE 1
#define HAVE_MEMSET 1
#define HAVE_POW 1
#define HAVE_STRCHR 1
#define HAVE_STRDUP 1
#define HAVE_STRRCHR 1
#define HAVE_VFSCANF 1
#define HAVE_LXT 1
#define HAVE_LXT2 1

configure: exit 0
